<?xml version="1.0" encoding="UTF-8"?>
<!-- Generated by org.testng.reporters.JUnitReportReporter -->
<testsuite hostname="OM383s-MBP" name="com.testing.proj.Test_proj.AppTest" tests="1" failures="0" timestamp="15 May 2017 11:30:50 GMT" time="1.952" errors="0">
  <testcase name="testsample" time="1.952" classname="com.testing.proj.Test_proj.AppTest"/>
</testsuite> <!-- com.testing.proj.Test_proj.AppTest -->
